<?xml version="1.0" encoding="UTF-8"?>
<!-- Generated by org.testng.reporters.JUnitReportReporter -->
<testsuite skipped="1" hostname="ibrahimkumek" name="com.apptium.testng_data_provider.TestNG_DataProvider" tests="1" failures="0" timestamp="2019-09-22T18:07:43 EDT" time="0.000" errors="0">
  <testcase name="amcTest" time="0.000" classname="com.apptium.testng_data_provider.TestNG_DataProvider">
    <skipped/>
  </testcase> <!-- amcTest -->
</testsuite> <!-- com.apptium.testng_data_provider.TestNG_DataProvider -->
