<?xml version="1.0" encoding="UTF-8"?>
<!-- Generated by org.testng.reporters.JUnitReportReporter -->
<testsuite hostname="FBC" failures="0" tests="1" name="com.apptium.testng_data_provider.TestNG_DataProvider" time="0.000" errors="0" timestamp="2019-09-22T18:38:57 EDT" skipped="1">
  <testcase classname="com.apptium.testng_data_provider.TestNG_DataProvider" name="amcTest" time="0.000">
    <skipped/>
  </testcase> <!-- amcTest -->
</testsuite> <!-- com.apptium.testng_data_provider.TestNG_DataProvider -->
