<?xml version="1.0" encoding="UTF-8"?>
<!-- Generated by org.testng.reporters.JUnitReportReporter -->
<testsuite skipped="0" hostname="ibrahimkumek" name="com.apptium.testng_data_provider.TestNG_DataProvider" tests="1" failures="0" timestamp="21 Sep 2019 20:39:51 GMT" time="0.010" errors="0">
  <testcase name="amcTest" time="0.010" classname="com.apptium.testng_data_provider.TestNG_DataProvider"/>
</testsuite> <!-- com.apptium.testng_data_provider.TestNG_DataProvider -->
